[INFO] Scanning for projects...
[INFO] 
[INFO] -------------< brito.com.multitenancy001:multitenancy001 >--------------
[INFO] Building multitenancy001 0.0.1-SNAPSHOT
[INFO]   from pom.xml
[INFO] --------------------------------[ jar ]---------------------------------
[INFO] 
[INFO] >>> spring-boot:3.5.9:run (default-cli) > test-compile @ multitenancy001 >>>
[INFO] 
[INFO] --- resources:3.3.1:resources (default-resources) @ multitenancy001 ---
[INFO] Copying 2 resources from src\main\resources to target\classes
[INFO] Copying 28 resources from src\main\resources to target\classes
[INFO] 
[INFO] --- compiler:3.14.1:compile (default-compile) @ multitenancy001 ---
[INFO] Nothing to compile - all classes are up to date.
[INFO] 
[INFO] --- resources:3.3.1:testResources (default-testResources) @ multitenancy001 ---
[INFO] skip non existing resourceDirectory C:\Users\Usuario\eclipse-workspace\multitenancy001\src\test\resources
[INFO] 
[INFO] --- compiler:3.14.1:testCompile (default-testCompile) @ multitenancy001 ---
[INFO] Nothing to compile - all classes are up to date.
[INFO] 
[INFO] <<< spring-boot:3.5.9:run (default-cli) < test-compile @ multitenancy001 <<<
[INFO] 
[INFO] 
[INFO] --- spring-boot:3.5.9:run (default-cli) @ multitenancy001 ---
[INFO] Attaching agents: []
2026-02-22T23:14:21.284-03:00  INFO 14904 --- [multitenancy001] [  restartedMain] b.c.m.Multitenancy001Application         : Starting Multitenancy001Application using Java 21.0.8 with PID 14904 (C:\Users\Usuario\eclipse-workspace\multitenancy001\target\classes started by Usuario in C:\Users\Usuario\eclipse-workspace\multitenancy001)
2026-02-22T23:14:21.287-03:00  INFO 14904 --- [multitenancy001] [  restartedMain] b.c.m.Multitenancy001Application         : The following 1 profile is active: "dev"
2026-02-22T23:14:21.343-03:00  INFO 14904 --- [multitenancy001] [  restartedMain] .e.DevToolsPropertyDefaultsPostProcessor : Devtools property defaults active! Set 'spring.devtools.add-properties' to 'false' to disable
2026-02-22T23:14:21.343-03:00  INFO 14904 --- [multitenancy001] [  restartedMain] .e.DevToolsPropertyDefaultsPostProcessor : For additional web related logging consider setting the 'logging.level.web' property to 'DEBUG'
2026-02-22T23:14:22.672-03:00  INFO 14904 --- [multitenancy001] [  restartedMain] .s.d.r.c.RepositoryConfigurationDelegate : Bootstrapping Spring Data JPA repositories in DEFAULT mode.
2026-02-22T23:14:22.759-03:00  INFO 14904 --- [multitenancy001] [  restartedMain] .s.d.r.c.RepositoryConfigurationDelegate : Finished Spring Data repository scanning in 75 ms. Found 10 JPA repository interfaces.
2026-02-22T23:14:22.760-03:00  INFO 14904 --- [multitenancy001] [  restartedMain] .s.d.r.c.RepositoryConfigurationDelegate : Bootstrapping Spring Data JPA repositories in DEFAULT mode.
2026-02-22T23:14:22.819-03:00  INFO 14904 --- [multitenancy001] [  restartedMain] .s.d.r.c.RepositoryConfigurationDelegate : Finished Spring Data repository scanning in 57 ms. Found 5 JPA repository interfaces.
2026-02-22T23:14:23.960-03:00  WARN 14904 --- [multitenancy001] [  restartedMain] trationDelegate$BeanPostProcessorChecker : Bean 'org.springframework.boot.autoconfigure.jdbc.DataSourceConfiguration$Hikari' of type [org.springframework.boot.autoconfigure.jdbc.DataSourceConfiguration$Hikari] is not eligible for getting processed by all BeanPostProcessors (for example: not eligible for auto-proxying). Is this bean getting eagerly injected/applied to a currently created BeanPostProcessor [healthEndpointGroupsBeanPostProcessor]? Check the corresponding BeanPostProcessor declaration and its dependencies/advisors. If this bean does not have to be post-processed, declare it with ROLE_INFRASTRUCTURE.
2026-02-22T23:14:23.988-03:00  WARN 14904 --- [multitenancy001] [  restartedMain] trationDelegate$BeanPostProcessorChecker : Bean 'spring.datasource-org.springframework.boot.autoconfigure.jdbc.DataSourceProperties' of type [org.springframework.boot.autoconfigure.jdbc.DataSourceProperties] is not eligible for getting processed by all BeanPostProcessors (for example: not eligible for auto-proxying). Is this bean getting eagerly injected/applied to a currently created BeanPostProcessor [healthEndpointGroupsBeanPostProcessor]? Check the corresponding BeanPostProcessor declaration and its dependencies/advisors. If this bean does not have to be post-processed, declare it with ROLE_INFRASTRUCTURE.
2026-02-22T23:14:23.995-03:00  WARN 14904 --- [multitenancy001] [  restartedMain] trationDelegate$BeanPostProcessorChecker : Bean 'org.springframework.boot.autoconfigure.jdbc.DataSourceAutoConfiguration$PooledDataSourceConfiguration' of type [org.springframework.boot.autoconfigure.jdbc.DataSourceAutoConfiguration$PooledDataSourceConfiguration] is not eligible for getting processed by all BeanPostProcessors (for example: not eligible for auto-proxying). Is this bean getting eagerly injected/applied to a currently created BeanPostProcessor [healthEndpointGroupsBeanPostProcessor]? Check the corresponding BeanPostProcessor declaration and its dependencies/advisors. If this bean does not have to be post-processed, declare it with ROLE_INFRASTRUCTURE.
2026-02-22T23:14:23.999-03:00  WARN 14904 --- [multitenancy001] [  restartedMain] trationDelegate$BeanPostProcessorChecker : Bean 'jdbcConnectionDetails' of type [org.springframework.boot.autoconfigure.jdbc.PropertiesJdbcConnectionDetails] is not eligible for getting processed by all BeanPostProcessors (for example: not eligible for auto-proxying). Is this bean getting eagerly injected/applied to a currently created BeanPostProcessor [healthEndpointGroupsBeanPostProcessor]? Check the corresponding BeanPostProcessor declaration and its dependencies/advisors. If this bean does not have to be post-processed, declare it with ROLE_INFRASTRUCTURE.
2026-02-22T23:14:24.020-03:00  WARN 14904 --- [multitenancy001] [  restartedMain] trationDelegate$BeanPostProcessorChecker : Bean 'dataSource' of type [com.zaxxer.hikari.HikariDataSource] is not eligible for getting processed by all BeanPostProcessors (for example: not eligible for auto-proxying). Is this bean getting eagerly injected/applied to a currently created BeanPostProcessor [healthEndpointGroupsBeanPostProcessor]? Check the corresponding BeanPostProcessor declaration and its dependencies/advisors. If this bean does not have to be post-processed, declare it with ROLE_INFRASTRUCTURE.
2026-02-22T23:14:24.209-03:00  WARN 14904 --- [multitenancy001] [  restartedMain] trationDelegate$BeanPostProcessorChecker : Bean 'flyway' of type [org.flywaydb.core.Flyway] is not eligible for getting processed by all BeanPostProcessors (for example: not eligible for auto-proxying). Is this bean getting eagerly injected/applied to a currently created BeanPostProcessor [healthEndpointGroupsBeanPostProcessor]? Check the corresponding BeanPostProcessor declaration and its dependencies/advisors. If this bean does not have to be post-processed, declare it with ROLE_INFRASTRUCTURE.
2026-02-22T23:14:24.224-03:00  INFO 14904 --- [multitenancy001] [  restartedMain] com.zaxxer.hikari.HikariDataSource       : HikariPool-1 - Starting...
2026-02-22T23:14:24.461-03:00  INFO 14904 --- [multitenancy001] [  restartedMain] com.zaxxer.hikari.pool.HikariPool        : HikariPool-1 - Added connection org.postgresql.jdbc.PgConnection@414205a6
2026-02-22T23:14:24.463-03:00  INFO 14904 --- [multitenancy001] [  restartedMain] com.zaxxer.hikari.HikariDataSource       : HikariPool-1 - Start completed.
2026-02-22T23:14:24.487-03:00  INFO 14904 --- [multitenancy001] [  restartedMain] org.flywaydb.core.FlywayExecutor         : Database: jdbc:postgresql://localhost:5432/db_multitenancy (PostgreSQL 18.1)
2026-02-22T23:14:24.601-03:00  INFO 14904 --- [multitenancy001] [  restartedMain] o.f.c.i.s.JdbcTableSchemaHistory         : Schema history table "public"."flyway_schema_history" does not exist yet
2026-02-22T23:14:24.606-03:00  INFO 14904 --- [multitenancy001] [  restartedMain] o.f.core.internal.command.DbValidate     : Successfully validated 20 migrations (execution time 00:00.064s)
2026-02-22T23:14:24.630-03:00  INFO 14904 --- [multitenancy001] [  restartedMain] o.f.c.i.s.JdbcTableSchemaHistory         : Creating Schema History table "public"."flyway_schema_history" ...
2026-02-22T23:14:24.766-03:00  INFO 14904 --- [multitenancy001] [  restartedMain] o.f.core.internal.command.DbMigrate      : Current version of schema "public": << Empty Schema >>
2026-02-22T23:14:24.778-03:00  INFO 14904 --- [multitenancy001] [  restartedMain] o.f.core.internal.command.DbMigrate      : Migrating schema "public" to version "1 - create extension"
2026-02-22T23:14:24.958-03:00  INFO 14904 --- [multitenancy001] [  restartedMain] o.f.core.internal.command.DbMigrate      : Migrating schema "public" to version "2 - create table accounts"
2026-02-22T23:14:25.013-03:00  INFO 14904 --- [multitenancy001] [  restartedMain] o.f.core.internal.command.DbMigrate      : Migrating schema "public" to version "3 - create table account entitlements"
2026-02-22T23:14:25.047-03:00  INFO 14904 --- [multitenancy001] [  restartedMain] o.f.core.internal.command.DbMigrate      : Migrating schema "public" to version "4 - create table controlplane users"
2026-02-22T23:14:25.077-03:00  INFO 14904 --- [multitenancy001] [  restartedMain] o.f.core.internal.command.DbMigrate      : Migrating schema "public" to version "5 - insert controlplane account"
2026-02-22T23:14:25.092-03:00  INFO 14904 --- [multitenancy001] [  restartedMain] o.f.core.internal.command.DbMigrate      : Migrating schema "public" to version "6 - insert controlplane users"
2026-02-22T23:14:25.105-03:00  INFO 14904 --- [multitenancy001] [  restartedMain] o.f.core.internal.command.DbMigrate      : Migrating schema "public" to version "7 - create table controlplane user permissions"
2026-02-22T23:14:25.118-03:00  INFO 14904 --- [multitenancy001] [  restartedMain] o.f.core.internal.command.DbMigrate      : Migrating schema "public" to version "8 - create table payments"
2026-02-22T23:14:25.144-03:00  INFO 14904 --- [multitenancy001] [  restartedMain] o.f.core.internal.command.DbMigrate      : Migrating schema "public" to version "9 - create table login identities"
2026-02-22T23:14:25.183-03:00  INFO 14904 --- [multitenancy001] [  restartedMain] o.f.core.internal.command.DbMigrate      : Migrating schema "public" to version "10 - create table account provisioning events"
2026-02-22T23:14:25.202-03:00  INFO 14904 --- [multitenancy001] [  restartedMain] o.f.core.internal.command.DbMigrate      : Migrating schema "public" to version "11 - create table tenant login challenges"
2026-02-22T23:14:25.223-03:00  INFO 14904 --- [multitenancy001] [  restartedMain] o.f.core.internal.command.DbMigrate      : Migrating schema "public" to version "12 - seed account entitlements for existing accounts"
2026-02-22T23:14:25.233-03:00  INFO 14904 --- [multitenancy001] [  restartedMain] o.f.core.internal.command.DbMigrate      : Migrating schema "public" to version "13 - create table auth events"
2026-02-22T23:14:25.257-03:00  INFO 14904 --- [multitenancy001] [  restartedMain] o.f.core.internal.command.DbMigrate      : Migrating schema "public" to version "14 - create table security audit events"
2026-02-22T23:14:25.279-03:00  INFO 14904 --- [multitenancy001] [  restartedMain] o.f.core.internal.command.DbMigrate      : Migrating schema "public" to version "15 - create table account job schedules"
2026-02-22T23:14:25.295-03:00  INFO 14904 --- [multitenancy001] [  restartedMain] o.f.core.internal.command.DbMigrate      : Migrating schema "public" to version "16 - alter controlplane users email to citext"
2026-02-22T23:14:25.304-03:00  INFO 14904 --- [multitenancy001] [  restartedMain] o.f.core.internal.command.DbMigrate      : Migrating schema "public" to version "17 - protect builtin controlplane users"
2026-02-22T23:14:25.310-03:00  INFO 14904 --- [multitenancy001] [  restartedMain] o.f.c.i.s.DefaultSqlScriptExecutor       : DB: gatilho "trg_cp_users_protect_builtin" para relação "controlplane_users" não existe, ignorando
2026-02-22T23:14:25.312-03:00  INFO 14904 --- [multitenancy001] [  restartedMain] o.f.c.i.s.DefaultSqlScriptExecutor       : DB: gatilho "trg_cp_user_permissions_protect_builtin" para relação "controlplane_user_permissions" não existe, ignorando
2026-02-22T23:14:25.319-03:00  INFO 14904 --- [multitenancy001] [  restartedMain] o.f.core.internal.command.DbMigrate      : Migrating schema "public" to version "18 - create table auth refresh sessions"
2026-02-22T23:14:25.338-03:00  INFO 14904 --- [multitenancy001] [  restartedMain] o.f.core.internal.command.DbMigrate      : Migrating schema "public" to version "19 - add check auth refresh sessions domain"
2026-02-22T23:14:25.348-03:00  INFO 14904 --- [multitenancy001] [  restartedMain] o.f.core.internal.command.DbMigrate      : Migrating schema "public" to version "20 - create account job schedules"
2026-02-22T23:14:25.351-03:00  WARN 14904 --- [multitenancy001] [  restartedMain] o.f.c.i.s.DefaultSqlScriptExecutor       : DB: relação "account_job_schedules" já existe, ignorando (SQL State: 42P07 - Error Code: 0)
2026-02-22T23:14:25.364-03:00  INFO 14904 --- [multitenancy001] [  restartedMain] o.f.core.internal.command.DbMigrate      : Successfully applied 20 migrations to schema "public", now at version v20 (execution time 00:00.410s)
2026-02-22T23:14:25.373-03:00  WARN 14904 --- [multitenancy001] [  restartedMain] trationDelegate$BeanPostProcessorChecker : Bean 'flywayInitializer' of type [org.springframework.boot.autoconfigure.flyway.FlywayMigrationInitializer] is not eligible for getting processed by all BeanPostProcessors (for example: not eligible for auto-proxying). Is this bean getting eagerly injected/applied to a currently created BeanPostProcessor [healthEndpointGroupsBeanPostProcessor]? Check the corresponding BeanPostProcessor declaration and its dependencies/advisors. If this bean does not have to be post-processed, declare it with ROLE_INFRASTRUCTURE.
2026-02-22T23:14:25.375-03:00  WARN 14904 --- [multitenancy001] [  restartedMain] trationDelegate$BeanPostProcessorChecker : Bean 'org.springframework.boot.autoconfigure.sql.init.DataSourceInitializationConfiguration' of type [org.springframework.boot.autoconfigure.sql.init.DataSourceInitializationConfiguration] is not eligible for getting processed by all BeanPostProcessors (for example: not eligible for auto-proxying). Is this bean getting eagerly injected/applied to a currently created BeanPostProcessor [healthEndpointGroupsBeanPostProcessor]? Check the corresponding BeanPostProcessor declaration and its dependencies/advisors. If this bean does not have to be post-processed, declare it with ROLE_INFRASTRUCTURE.
2026-02-22T23:14:25.380-03:00  WARN 14904 --- [multitenancy001] [  restartedMain] trationDelegate$BeanPostProcessorChecker : Bean 'spring.sql.init-org.springframework.boot.autoconfigure.sql.init.SqlInitializationProperties' of type [org.springframework.boot.autoconfigure.sql.init.SqlInitializationProperties] is not eligible for getting processed by all BeanPostProcessors (for example: not eligible for auto-proxying). Is this bean getting eagerly injected/applied to a currently created BeanPostProcessor [healthEndpointGroupsBeanPostProcessor]? Check the corresponding BeanPostProcessor declaration and its dependencies/advisors. If this bean does not have to be post-processed, declare it with ROLE_INFRASTRUCTURE.
2026-02-22T23:14:25.386-03:00  WARN 14904 --- [multitenancy001] [  restartedMain] trationDelegate$BeanPostProcessorChecker : Bean 'dataSourceScriptDatabaseInitializer' of type [org.springframework.boot.autoconfigure.sql.init.SqlDataSourceScriptDatabaseInitializer] is not eligible for getting processed by all BeanPostProcessors (for example: not eligible for auto-proxying). Is this bean getting eagerly injected/applied to a currently created BeanPostProcessor [healthEndpointGroupsBeanPostProcessor]? Check the corresponding BeanPostProcessor declaration and its dependencies/advisors. If this bean does not have to be post-processed, declare it with ROLE_INFRASTRUCTURE.
2026-02-22T23:14:25.392-03:00  WARN 14904 --- [multitenancy001] [  restartedMain] trationDelegate$BeanPostProcessorChecker : Bean 'org.springframework.boot.devtools.autoconfigure.DevToolsDataSourceAutoConfiguration' of type [org.springframework.boot.devtools.autoconfigure.DevToolsDataSourceAutoConfiguration] is not eligible for getting processed by all BeanPostProcessors (for example: not eligible for auto-proxying). Is this bean getting eagerly injected/applied to a currently created BeanPostProcessor [healthEndpointGroupsBeanPostProcessor]? Check the corresponding BeanPostProcessor declaration and its dependencies/advisors. If this bean does not have to be post-processed, declare it with ROLE_INFRASTRUCTURE.
2026-02-22T23:14:25.396-03:00  WARN 14904 --- [multitenancy001] [  restartedMain] trationDelegate$BeanPostProcessorChecker : Bean 'inMemoryDatabaseShutdownExecutor' of type [org.springframework.boot.devtools.autoconfigure.DevToolsDataSourceAutoConfiguration$NonEmbeddedInMemoryDatabaseShutdownExecutor] is not eligible for getting processed by all BeanPostProcessors (for example: not eligible for auto-proxying). Is this bean getting eagerly injected/applied to a currently created BeanPostProcessor [healthEndpointGroupsBeanPostProcessor]? Check the corresponding BeanPostProcessor declaration and its dependencies/advisors. If this bean does not have to be post-processed, declare it with ROLE_INFRASTRUCTURE.
2026-02-22T23:14:25.399-03:00  WARN 14904 --- [multitenancy001] [  restartedMain] trationDelegate$BeanPostProcessorChecker : Bean 'publicSchemaHibernateConfig' of type [brito.com.multitenancy001.infrastructure.persistence.multitenancy.hibernate.PublicSchemaHibernateConfig$$SpringCGLIB$$0] is not eligible for getting processed by all BeanPostProcessors (for example: not eligible for auto-proxying). Is this bean getting eagerly injected/applied to a currently created BeanPostProcessor [healthEndpointGroupsBeanPostProcessor]? Check the corresponding BeanPostProcessor declaration and its dependencies/advisors. If this bean does not have to be post-processed, declare it with ROLE_INFRASTRUCTURE.
2026-02-22T23:14:25.459-03:00  INFO 14904 --- [multitenancy001] [  restartedMain] o.hibernate.jpa.internal.util.LogHelper  : HHH000204: Processing PersistenceUnitInfo [name: PUBLIC_PU]
2026-02-22T23:14:25.517-03:00  INFO 14904 --- [multitenancy001] [  restartedMain] org.hibernate.Version                    : HHH000412: Hibernate ORM core version 6.6.39.Final
2026-02-22T23:14:25.556-03:00  INFO 14904 --- [multitenancy001] [  restartedMain] o.h.c.internal.RegionFactoryInitiator    : HHH000026: Second-level cache disabled
2026-02-22T23:14:26.230-03:00  INFO 14904 --- [multitenancy001] [  restartedMain] o.s.o.j.p.SpringPersistenceUnitInfo      : No LoadTimeWeaver setup: ignoring JPA class transformer
2026-02-22T23:14:26.336-03:00  INFO 14904 --- [multitenancy001] [  restartedMain] org.hibernate.orm.connections.pooling    : HHH10001005: Database info:
	Database JDBC URL [Connecting through datasource 'HikariDataSource (HikariPool-1)']
	Database driver: undefined/unknown
	Database version: 18.1
	Autocommit mode: undefined/unknown
	Isolation level: undefined/unknown
	Minimum pool size: undefined/unknown
	Maximum pool size: undefined/unknown
2026-02-22T23:14:26.710-03:00  WARN 14904 --- [multitenancy001] [  restartedMain] trationDelegate$BeanPostProcessorChecker : Bean 'brito.com.multitenancy001.shared.domain.audit.AuthDomainConverter' of type [brito.com.multitenancy001.shared.domain.audit.AuthDomainConverter] is not eligible for getting processed by all BeanPostProcessors (for example: not eligible for auto-proxying). Is this bean getting eagerly injected/applied to a currently created BeanPostProcessor [healthEndpointGroupsBeanPostProcessor]? Check the corresponding BeanPostProcessor declaration and its dependencies/advisors. If this bean does not have to be post-processed, declare it with ROLE_INFRASTRUCTURE.
2026-02-22T23:14:26.798-03:00  WARN 14904 --- [multitenancy001] [  restartedMain] trationDelegate$BeanPostProcessorChecker : Bean 'brito.com.multitenancy001.shared.domain.audit.jpa.AuditEntityListener' of type [brito.com.multitenancy001.shared.domain.audit.jpa.AuditEntityListener] is not eligible for getting processed by all BeanPostProcessors (for example: not eligible for auto-proxying). Is this bean getting eagerly injected/applied to a currently created BeanPostProcessor [healthEndpointGroupsBeanPostProcessor]? Check the corresponding BeanPostProcessor declaration and its dependencies/advisors. If this bean does not have to be post-processed, declare it with ROLE_INFRASTRUCTURE.
2026-02-22T23:14:27.816-03:00  INFO 14904 --- [multitenancy001] [  restartedMain] o.h.e.t.j.p.i.JtaPlatformInitiator       : HHH000489: No JTA platform available (set 'hibernate.transaction.jta.platform' to enable JTA platform integration)
2026-02-22T23:14:27.820-03:00  INFO 14904 --- [multitenancy001] [  restartedMain] j.LocalContainerEntityManagerFactoryBean : Initialized JPA EntityManagerFactory for persistence unit 'PUBLIC_PU'
2026-02-22T23:14:27.826-03:00  WARN 14904 --- [multitenancy001] [  restartedMain] trationDelegate$BeanPostProcessorChecker : Bean 'entityManagerFactory' of type [org.springframework.orm.jpa.LocalContainerEntityManagerFactoryBean] is not eligible for getting processed by all BeanPostProcessors (for example: not eligible for auto-proxying). Is this bean getting eagerly injected/applied to a currently created BeanPostProcessor [healthEndpointGroupsBeanPostProcessor]? Check the corresponding BeanPostProcessor declaration and its dependencies/advisors. If this bean does not have to be post-processed, declare it with ROLE_INFRASTRUCTURE.
2026-02-22T23:14:27.847-03:00  WARN 14904 --- [multitenancy001] [  restartedMain] trationDelegate$BeanPostProcessorChecker : Bean 'entityManagerFactory' of type [jdk.proxy4.$Proxy170] is not eligible for getting processed by all BeanPostProcessors (for example: not eligible for auto-proxying). Is this bean getting eagerly injected/applied to a currently created BeanPostProcessor [healthEndpointGroupsBeanPostProcessor]? Check the corresponding BeanPostProcessor declaration and its dependencies/advisors. If this bean does not have to be post-processed, declare it with ROLE_INFRASTRUCTURE.
2026-02-22T23:14:27.856-03:00  WARN 14904 --- [multitenancy001] [  restartedMain] trationDelegate$BeanPostProcessorChecker : Bean 'publicEntityManagerFactory' of type [jdk.proxy4.$Proxy170] is not eligible for getting processed by all BeanPostProcessors (for example: not eligible for auto-proxying). Is this bean getting eagerly injected/applied to a currently created BeanPostProcessor [healthEndpointGroupsBeanPostProcessor]? Check the corresponding BeanPostProcessor declaration and its dependencies/advisors. If this bean does not have to be post-processed, declare it with ROLE_INFRASTRUCTURE.
2026-02-22T23:14:27.864-03:00  WARN 14904 --- [multitenancy001] [  restartedMain] trationDelegate$BeanPostProcessorChecker : Bean 'publicTransactionManager' of type [org.springframework.orm.jpa.JpaTransactionManager] is not eligible for getting processed by all BeanPostProcessors (for example: not eligible for auto-proxying). Is this bean getting eagerly injected/applied to a currently created BeanPostProcessor [healthEndpointGroupsBeanPostProcessor]? Check the corresponding BeanPostProcessor declaration and its dependencies/advisors. If this bean does not have to be post-processed, declare it with ROLE_INFRASTRUCTURE.
2026-02-22T23:14:28.262-03:00  INFO 14904 --- [multitenancy001] [  restartedMain] o.s.b.w.embedded.tomcat.TomcatWebServer  : Tomcat initialized with port 8080 (http)
2026-02-22T23:14:28.280-03:00  INFO 14904 --- [multitenancy001] [  restartedMain] o.apache.catalina.core.StandardService   : Starting service [Tomcat]
2026-02-22T23:14:28.280-03:00  INFO 14904 --- [multitenancy001] [  restartedMain] o.apache.catalina.core.StandardEngine    : Starting Servlet engine: [Apache Tomcat/10.1.50]
2026-02-22T23:14:28.332-03:00  INFO 14904 --- [multitenancy001] [  restartedMain] o.a.c.c.C.[Tomcat].[localhost].[/]       : Initializing Spring embedded WebApplicationContext
2026-02-22T23:14:28.332-03:00  INFO 14904 --- [multitenancy001] [  restartedMain] w.s.c.ServletWebServerApplicationContext : Root WebApplicationContext: initialization completed in 6988 ms
2026-02-22T23:14:28.649-03:00  INFO 14904 --- [multitenancy001] [  restartedMain] o.hibernate.jpa.internal.util.LogHelper  : HHH000204: Processing PersistenceUnitInfo [name: TENANT_PU]
2026-02-22T23:14:28.653-03:00  INFO 14904 --- [multitenancy001] [  restartedMain] o.h.c.internal.RegionFactoryInitiator    : HHH000026: Second-level cache disabled
2026-02-22T23:14:28.858-03:00  INFO 14904 --- [multitenancy001] [  restartedMain] o.s.o.j.p.SpringPersistenceUnitInfo      : No LoadTimeWeaver setup: ignoring JPA class transformer
2026-02-22T23:14:28.861-03:00  INFO 14904 --- [multitenancy001] [  restartedMain] org.hibernate.orm.connections.pooling    : HHH10001005: Database info:
	Database JDBC URL [undefined/unknown]
	Database driver: undefined/unknown
	Database version: 18.1
	Autocommit mode: undefined/unknown
	Isolation level: undefined/unknown
	Minimum pool size: undefined/unknown
	Maximum pool size: undefined/unknown
2026-02-22T23:14:29.093-03:00  INFO 14904 --- [multitenancy001] [  restartedMain] o.h.e.t.j.p.i.JtaPlatformInitiator       : HHH000489: No JTA platform available (set 'hibernate.transaction.jta.platform' to enable JTA platform integration)
2026-02-22T23:14:29.093-03:00  INFO 14904 --- [multitenancy001] [  restartedMain] j.LocalContainerEntityManagerFactoryBean : Initialized JPA EntityManagerFactory for persistence unit 'TENANT_PU'
2026-02-22T23:14:29.376-03:00  INFO 14904 --- [multitenancy001] [  restartedMain] o.s.d.j.r.query.QueryEnhancerFactory     : Hibernate is in classpath; If applicable, HQL parser will be used.
2026-02-22T23:14:32.082-03:00  INFO 14904 --- [multitenancy001] [  restartedMain] r$InitializeUserDetailsManagerConfigurer : Global AuthenticationManager configured with UserDetailsService bean with name multiContextUserDetailsService
2026-02-22T23:14:34.039-03:00  INFO 14904 --- [multitenancy001] [  restartedMain] o.s.b.a.e.web.EndpointLinksResolver      : Exposing 1 endpoint beneath base path '/actuator'
2026-02-22T23:14:35.098-03:00  INFO 14904 --- [multitenancy001] [  restartedMain] o.s.b.d.a.OptionalLiveReloadServer       : LiveReload server is running on port 35729
2026-02-22T23:14:35.402-03:00  INFO 14904 --- [multitenancy001] [  restartedMain] o.s.b.w.embedded.tomcat.TomcatWebServer  : Tomcat started on port 8080 (http) with context path '/'
2026-02-22T23:14:35.425-03:00  INFO 14904 --- [multitenancy001] [  restartedMain] b.c.m.Multitenancy001Application         : Started Multitenancy001Application in 14.643 seconds (process running for 15.21)
2026-02-22T23:14:35.578-03:00  INFO 14904 --- [multitenancy001] [  restartedMain] b.c.m.i.f.p.PublicSchemaVerifier         : 🔍 Verificando tabelas criadas pelo Flyway...
2026-02-22T23:14:35.580-03:00 DEBUG 14904 --- [multitenancy001] [  restartedMain] o.s.jdbc.core.JdbcTemplate               : Executing prepared SQL query
2026-02-22T23:14:35.581-03:00 DEBUG 14904 --- [multitenancy001] [  restartedMain] o.s.jdbc.core.JdbcTemplate               : Executing prepared SQL statement [SELECT COUNT(*) FROM information_schema.tables WHERE table_schema = ? AND table_name = 'accounts']
2026-02-22T23:14:35.586-03:00 TRACE 14904 --- [multitenancy001] [  restartedMain] o.s.jdbc.core.StatementCreatorUtils      : Setting SQL statement parameter value: column index 1, parameter value [public], value class [java.lang.String], SQL type unknown
2026-02-22T23:14:35.594-03:00 DEBUG 14904 --- [multitenancy001] [  restartedMain] o.s.jdbc.core.JdbcTemplate               : Executing prepared SQL query
2026-02-22T23:14:35.595-03:00 DEBUG 14904 --- [multitenancy001] [  restartedMain] o.s.jdbc.core.JdbcTemplate               : Executing prepared SQL statement [SELECT COUNT(*) FROM information_schema.tables WHERE table_schema = ? AND table_name = 'controlplane_users']
2026-02-22T23:14:35.595-03:00 TRACE 14904 --- [multitenancy001] [  restartedMain] o.s.jdbc.core.StatementCreatorUtils      : Setting SQL statement parameter value: column index 1, parameter value [public], value class [java.lang.String], SQL type unknown
2026-02-22T23:14:35.596-03:00  INFO 14904 --- [multitenancy001] [  restartedMain] b.c.m.i.f.p.PublicSchemaVerifier         : ✅ Verificação OK! Tabelas encontradas: accounts=1, controlplane_users=1
2026-02-22T23:14:36.344-03:00  INFO 14904 --- [multitenancy001] [nio-8080-exec-1] o.a.c.c.C.[Tomcat].[localhost].[/]       : Initializing Spring DispatcherServlet 'dispatcherServlet'
2026-02-22T23:14:36.344-03:00  INFO 14904 --- [multitenancy001] [nio-8080-exec-1] o.s.web.servlet.DispatcherServlet        : Initializing Servlet 'dispatcherServlet'
2026-02-22T23:14:36.347-03:00  INFO 14904 --- [multitenancy001] [nio-8080-exec-1] o.s.web.servlet.DispatcherServlet        : Completed initialization in 3 ms
2026-02-22T23:14:38.983-03:00  INFO 14904 --- [multitenancy001] [nio-8080-exec-4] b.c.m.c.s.app.AccountOnboardingService   : Tentando criar conta | loginEmail=e2e_1771812876_885ad4@tenant.local
2026-02-22T23:14:39.119-03:00  INFO 14904 --- [multitenancy001] [nio-8080-exec-4] org.flywaydb.core.FlywayExecutor         : Database: jdbc:postgresql://localhost:5432/db_multitenancy (PostgreSQL 18.1)
2026-02-22T23:14:39.134-03:00  INFO 14904 --- [multitenancy001] [nio-8080-exec-4] o.f.c.i.s.JdbcTableSchemaHistory         : Schema history table "t_tenant_e2e_8d836f_a7910db3"."tenant_flyway_schema_history" does not exist yet
2026-02-22T23:14:39.135-03:00  INFO 14904 --- [multitenancy001] [nio-8080-exec-4] o.f.core.internal.command.DbValidate     : Successfully validated 8 migrations (execution time 00:00.007s)
2026-02-22T23:14:39.140-03:00  INFO 14904 --- [multitenancy001] [nio-8080-exec-4] o.f.c.i.s.JdbcTableSchemaHistory         : Creating Schema History table "t_tenant_e2e_8d836f_a7910db3"."tenant_flyway_schema_history" ...
2026-02-22T23:14:39.156-03:00  INFO 14904 --- [multitenancy001] [nio-8080-exec-4] o.f.core.internal.command.DbMigrate      : Current version of schema "t_tenant_e2e_8d836f_a7910db3": << Empty Schema >>
2026-02-22T23:14:39.160-03:00  INFO 14904 --- [multitenancy001] [nio-8080-exec-4] o.f.core.internal.command.DbMigrate      : Migrating schema "t_tenant_e2e_8d836f_a7910db3" to version "1 - create table tenant users"
2026-02-22T23:14:39.196-03:00  INFO 14904 --- [multitenancy001] [nio-8080-exec-4] o.f.core.internal.command.DbMigrate      : Migrating schema "t_tenant_e2e_8d836f_a7910db3" to version "2 - create table tenant user permissions"
2026-02-22T23:14:39.207-03:00  INFO 14904 --- [multitenancy001] [nio-8080-exec-4] o.f.core.internal.command.DbMigrate      : Migrating schema "t_tenant_e2e_8d836f_a7910db3" to version "3 - create table categories"
2026-02-22T23:14:39.229-03:00  INFO 14904 --- [multitenancy001] [nio-8080-exec-4] o.f.core.internal.command.DbMigrate      : Migrating schema "t_tenant_e2e_8d836f_a7910db3" to version "4 - create table subcategories"
2026-02-22T23:14:39.251-03:00  INFO 14904 --- [multitenancy001] [nio-8080-exec-4] o.f.core.internal.command.DbMigrate      : Migrating schema "t_tenant_e2e_8d836f_a7910db3" to version "5 - create table suppliers"
2026-02-22T23:14:39.275-03:00  INFO 14904 --- [multitenancy001] [nio-8080-exec-4] o.f.core.internal.command.DbMigrate      : Migrating schema "t_tenant_e2e_8d836f_a7910db3" to version "6 - create table products"
2026-02-22T23:14:39.304-03:00  INFO 14904 --- [multitenancy001] [nio-8080-exec-4] o.f.core.internal.command.DbMigrate      : Migrating schema "t_tenant_e2e_8d836f_a7910db3" to version "7 - create table sales"
2026-02-22T23:14:39.322-03:00  INFO 14904 --- [multitenancy001] [nio-8080-exec-4] o.f.core.internal.command.DbMigrate      : Migrating schema "t_tenant_e2e_8d836f_a7910db3" to version "8 - create table sales items"
2026-02-22T23:14:39.338-03:00  INFO 14904 --- [multitenancy001] [nio-8080-exec-4] o.f.core.internal.command.DbMigrate      : Successfully applied 8 migrations to schema "t_tenant_e2e_8d836f_a7910db3", now at version v8 (execution time 00:00.129s)
2026-02-22T23:14:39.346-03:00  INFO 14904 --- [multitenancy001] [nio-8080-exec-4] b.c.m.shared.context.TenantContext       : 🔄 Tenant bindado | thread=49 | null -> t_tenant_e2e_8d836f_a7910db3
2026-02-22T23:14:39.348-03:00  INFO 14904 --- [multitenancy001] [nio-8080-exec-4] m.i.p.m.h.TenantSchemaConnectionProvider : 🎯 [MT] getConnection | thread=49 | tenantSchemaParam=t_tenant_e2e_8d836f_a7910db3 | tenantSchemaThread=t_tenant_e2e_8d836f_a7910db3 | SQL=SET search_path TO "t_tenant_e2e_8d836f_a7910db3", "public"
Hibernate: 
    select
        tu1_0.id 
    from
        tenant_users tu1_0 
    where
        tu1_0.email=? 
        and tu1_0.account_id=? 
    fetch
        first ? rows only
Hibernate: 
    insert 
    into
        tenant_users
        (account_id, created_at, created_by, created_by_email, deleted_at, deleted_by, deleted_by_email, updated_at, updated_by, updated_by_email, avatar_url, deleted, email, last_login, locale, locked_until, must_change_password, name, origin, password, password_changed_at, password_reset_expires, password_reset_token, phone, role, suspended_by_account, suspended_by_admin, timezone) 
    values
        (?, ?, ?, ?, ?, ?, ?, ?, ?, ?, ?, ?, ?, ?, ?, ?, ?, ?, ?, ?, ?, ?, ?, ?, ?, ?, ?, ?)
2026-02-22T23:14:39.464-03:00  INFO 14904 --- [multitenancy001] [nio-8080-exec-4] b.c.m.shared.context.TenantContext       : 🔄 Tenant bindado para PUBLIC (null) | anterior=t_tenant_e2e_8d836f_a7910db3 | thread=49
2026-02-22T23:14:39.467-03:00 DEBUG 14904 --- [multitenancy001] [nio-8080-exec-4] o.s.jdbc.core.JdbcTemplate               : Executing prepared SQL update
2026-02-22T23:14:39.467-03:00 DEBUG 14904 --- [multitenancy001] [nio-8080-exec-4] o.s.jdbc.core.JdbcTemplate               : Executing prepared SQL statement [INSERT INTO public.login_identities (email, subject_type, subject_id, account_id)
VALUES (?, ?::text, ?, ?)
ON CONFLICT (email, account_id) WHERE subject_type = ?::text
DO NOTHING]
2026-02-22T23:14:39.468-03:00 TRACE 14904 --- [multitenancy001] [nio-8080-exec-4] o.s.jdbc.core.StatementCreatorUtils      : Setting SQL statement parameter value: column index 1, parameter value [e2e_1771812876_885ad4@tenant.local], value class [java.lang.String], SQL type unknown
2026-02-22T23:14:39.468-03:00 TRACE 14904 --- [multitenancy001] [nio-8080-exec-4] o.s.jdbc.core.StatementCreatorUtils      : Setting SQL statement parameter value: column index 2, parameter value [TENANT_ACCOUNT], value class [java.lang.String], SQL type unknown
2026-02-22T23:14:39.468-03:00 TRACE 14904 --- [multitenancy001] [nio-8080-exec-4] o.s.jdbc.core.StatementCreatorUtils      : Setting SQL statement parameter value: column index 3, parameter value [2], value class [java.lang.Long], SQL type unknown
2026-02-22T23:14:39.468-03:00 TRACE 14904 --- [multitenancy001] [nio-8080-exec-4] o.s.jdbc.core.StatementCreatorUtils      : Setting SQL statement parameter value: column index 4, parameter value [2], value class [java.lang.Long], SQL type unknown
2026-02-22T23:14:39.468-03:00 TRACE 14904 --- [multitenancy001] [nio-8080-exec-4] o.s.jdbc.core.StatementCreatorUtils      : Setting SQL statement parameter value: column index 5, parameter value [TENANT_ACCOUNT], value class [java.lang.String], SQL type unknown
2026-02-22T23:14:39.471-03:00 TRACE 14904 --- [multitenancy001] [nio-8080-exec-4] o.s.jdbc.core.JdbcTemplate               : SQL update affected 1 rows
2026-02-22T23:14:39.504-03:00  INFO 14904 --- [multitenancy001] [nio-8080-exec-4] b.c.m.c.s.app.AccountOnboardingService   : ✅ Account criada | accountId=2 | tenantSchema=t_tenant_e2e_8d836f_a7910db3 | slug=tenant-e2e-8d836f | status=FREE_TRIAL | trialEndAt=2026-03-09T02:14:39.488391Z
2026-02-22T23:14:39.519-03:00  INFO 14904 --- [multitenancy001] [nio-8080-exec-4] b.c.m.i.s.filter.RequestLoggingFilter    : 🌐 [REQ] POST /api/signup | tenant=PUBLIC | status=201 | ip=0:0:0:0:0:0:0:1 | requestId=1210fab9-981b-4174-9a6b-d60c40ab49a8 | thread=49
2026-02-22T23:14:39.661-03:00 DEBUG 14904 --- [multitenancy001] [nio-8080-exec-5] o.s.jdbc.core.JdbcTemplate               : Executing prepared SQL query
2026-02-22T23:14:39.661-03:00 DEBUG 14904 --- [multitenancy001] [nio-8080-exec-5] o.s.jdbc.core.JdbcTemplate               : Executing prepared SQL statement [    select li.account_id,
           a.display_name,
           a.slug
      from public.login_identities li
      join public.accounts a on a.id = li.account_id
     where li.email = ?
       and li.subject_type = 'TENANT_ACCOUNT'
       and a.deleted = false
]
2026-02-22T23:14:39.662-03:00 TRACE 14904 --- [multitenancy001] [nio-8080-exec-5] o.s.jdbc.core.StatementCreatorUtils      : Setting SQL statement parameter value: column index 1, parameter value [e2e_1771812876_885ad4@tenant.local], value class [java.lang.String], SQL type unknown
2026-02-22T23:14:39.678-03:00  INFO 14904 --- [multitenancy001] [nio-8080-exec-5] b.c.m.shared.context.TenantContext       : 🔄 Tenant bindado | thread=50 | null -> t_tenant_e2e_8d836f_a7910db3
Hibernate: 
    select
        tu1_0.id,
        tu1_0.account_id,
        tu1_0.created_at,
        tu1_0.created_by,
        tu1_0.created_by_email,
        tu1_0.deleted_at,
        tu1_0.deleted_by,
        tu1_0.deleted_by_email,
        tu1_0.updated_at,
        tu1_0.updated_by,
        tu1_0.updated_by_email,
        tu1_0.avatar_url,
        tu1_0.deleted,
        tu1_0.email,
        tu1_0.last_login,
        tu1_0.locale,
        tu1_0.locked_until,
        tu1_0.must_change_password,
        tu1_0.name,
        tu1_0.origin,
        tu1_0.password,
        tu1_0.password_changed_at,
        tu1_0.password_reset_expires,
        tu1_0.password_reset_token,
        tu1_0.phone,
        tu1_0.role,
        tu1_0.suspended_by_account,
        tu1_0.suspended_by_admin,
        tu1_0.timezone 
    from
        tenant_users tu1_0 
    where
        tu1_0.email=? 
        and tu1_0.account_id=? 
        and not(tu1_0.deleted)
2026-02-22T23:14:39.681-03:00  INFO 14904 --- [multitenancy001] [nio-8080-exec-5] m.i.p.m.h.TenantSchemaConnectionProvider : 🎯 [MT] getConnection | thread=50 | tenantSchemaParam=t_tenant_e2e_8d836f_a7910db3 | tenantSchemaThread=t_tenant_e2e_8d836f_a7910db3 | SQL=SET search_path TO "t_tenant_e2e_8d836f_a7910db3", "public"
Hibernate: 
    select
        p1_0.tenant_user_id,
        p1_0.permission 
    from
        tenant_user_permissions p1_0 
    where
        p1_0.tenant_user_id=?
2026-02-22T23:14:39.770-03:00  INFO 14904 --- [multitenancy001] [nio-8080-exec-5] m.i.p.m.h.TenantSchemaConnectionProvider : 🎯 [MT] getConnection | thread=50 | tenantSchemaParam=t_tenant_e2e_8d836f_a7910db3 | tenantSchemaThread=t_tenant_e2e_8d836f_a7910db3 | SQL=SET search_path TO "t_tenant_e2e_8d836f_a7910db3", "public"
Hibernate: 
    update
        tenant_users tu1_0 
    set
        last_login=? 
    where
        tu1_0.id=? 
        and tu1_0.deleted=false
2026-02-22T23:14:39.867-03:00  INFO 14904 --- [multitenancy001] [nio-8080-exec-5] b.c.m.shared.context.TenantContext       : 🔄 Tenant bindado para PUBLIC (null) | anterior=t_tenant_e2e_8d836f_a7910db3 | thread=50
2026-02-22T23:14:39.896-03:00  INFO 14904 --- [multitenancy001] [nio-8080-exec-5] b.c.m.i.s.filter.RequestLoggingFilter    : 🌐 [REQ] POST /api/tenant/auth/login | tenant=PUBLIC | status=200 | ip=0:0:0:0:0:0:0:1 | requestId=1e886395-03e8-4387-81ab-1aef25b4dd85 | thread=50
2026-02-22T23:14:40.067-03:00  INFO 14904 --- [multitenancy001] [nio-8080-exec-6] b.c.m.shared.context.TenantContext       : 🔄 Tenant bindado | thread=51 | null -> t_tenant_e2e_8d836f_a7910db3
Hibernate: 
    select
        tu1_0.id,
        tu1_0.account_id,
        tu1_0.created_at,
        tu1_0.created_by,
        tu1_0.created_by_email,
        tu1_0.deleted_at,
        tu1_0.deleted_by,
        tu1_0.deleted_by_email,
        tu1_0.updated_at,
        tu1_0.updated_by,
        tu1_0.updated_by_email,
        tu1_0.avatar_url,
        tu1_0.deleted,
        tu1_0.email,
        tu1_0.last_login,
        tu1_0.locale,
        tu1_0.locked_until,
        tu1_0.must_change_password,
        tu1_0.name,
        tu1_0.origin,
        tu1_0.password,
        tu1_0.password_changed_at,
        tu1_0.password_reset_expires,
        tu1_0.password_reset_token,
        tu1_0.phone,
        tu1_0.role,
        tu1_0.suspended_by_account,
        tu1_0.suspended_by_admin,
        tu1_0.timezone 
    from
        tenant_users tu1_0 
    where
        tu1_0.email=? 
        and tu1_0.account_id=? 
        and not(tu1_0.deleted)
2026-02-22T23:14:40.074-03:00  INFO 14904 --- [multitenancy001] [nio-8080-exec-6] m.i.p.m.h.TenantSchemaConnectionProvider : 🎯 [MT] getConnection | thread=51 | tenantSchemaParam=t_tenant_e2e_8d836f_a7910db3 | tenantSchemaThread=t_tenant_e2e_8d836f_a7910db3 | SQL=SET search_path TO "t_tenant_e2e_8d836f_a7910db3", "public"
Hibernate: 
    select
        p1_0.tenant_user_id,
        p1_0.permission 
    from
        tenant_user_permissions p1_0 
    where
        p1_0.tenant_user_id=?
2026-02-22T23:14:40.103-03:00  INFO 14904 --- [multitenancy001] [nio-8080-exec-6] m.i.p.m.h.TenantSchemaConnectionProvider : 🎯 [MT] getConnection | thread=51 | tenantSchemaParam=t_tenant_e2e_8d836f_a7910db3 | tenantSchemaThread=t_tenant_e2e_8d836f_a7910db3 | SQL=SET search_path TO "t_tenant_e2e_8d836f_a7910db3", "public"
Hibernate: 
    select
        tu1_0.id,
        tu1_0.account_id,
        tu1_0.created_at,
        tu1_0.created_by,
        tu1_0.created_by_email,
        tu1_0.deleted_at,
        tu1_0.deleted_by,
        tu1_0.deleted_by_email,
        tu1_0.updated_at,
        tu1_0.updated_by,
        tu1_0.updated_by_email,
        tu1_0.avatar_url,
        tu1_0.deleted,
        tu1_0.email,
        tu1_0.last_login,
        tu1_0.locale,
        tu1_0.locked_until,
        tu1_0.must_change_password,
        tu1_0.name,
        tu1_0.origin,
        tu1_0.password,
        tu1_0.password_changed_at,
        tu1_0.password_reset_expires,
        tu1_0.password_reset_token,
        tu1_0.phone,
        tu1_0.role,
        tu1_0.suspended_by_account,
        tu1_0.suspended_by_admin,
        tu1_0.timezone 
    from
        tenant_users tu1_0 
    where
        tu1_0.id=? 
        and tu1_0.account_id=? 
        and not(tu1_0.deleted)
Hibernate: 
    select
        p1_0.tenant_user_id,
        p1_0.permission 
    from
        tenant_user_permissions p1_0 
    where
        p1_0.tenant_user_id=?
2026-02-22T23:14:40.120-03:00  INFO 14904 --- [multitenancy001] [nio-8080-exec-6] b.c.m.i.s.filter.RequestLoggingFilter    : 🌐 [REQ] GET /api/tenant/me | tenant=t_tenant_e2e_8d836f_a7910db3 | status=200 | ip=0:0:0:0:0:0:0:1 | requestId=24fd5e80-98a3-4a66-aa43-613f7ba05ee1 | thread=51
2026-02-22T23:14:40.120-03:00  INFO 14904 --- [multitenancy001] [nio-8080-exec-6] b.c.m.shared.context.TenantContext       : 🔄 Tenant bindado para PUBLIC (null) | anterior=t_tenant_e2e_8d836f_a7910db3 | thread=51
2026-02-22T23:14:40.219-03:00  INFO 14904 --- [multitenancy001] [nio-8080-exec-7] b.c.m.shared.context.TenantContext       : 🔄 Tenant bindado | thread=52 | null -> t_tenant_e2e_8d836f_a7910db3
Hibernate: 
    select
        tu1_0.id,
        tu1_0.account_id,
        tu1_0.created_at,
        tu1_0.created_by,
        tu1_0.created_by_email,
        tu1_0.deleted_at,
        tu1_0.deleted_by,
        tu1_0.deleted_by_email,
        tu1_0.updated_at,
        tu1_0.updated_by,
        tu1_0.updated_by_email,
        tu1_0.avatar_url,
        tu1_0.deleted,
        tu1_0.email,
        tu1_0.last_login,
        tu1_0.locale,
        tu1_0.locked_until,
        tu1_0.must_change_password,
        tu1_0.name,
        tu1_0.origin,
        tu1_0.password,
        tu1_0.password_changed_at,
        tu1_0.password_reset_expires,
        tu1_0.password_reset_token,
        tu1_0.phone,
        tu1_0.role,
        tu1_0.suspended_by_account,
        tu1_0.suspended_by_admin,
        tu1_0.timezone 
    from
        tenant_users tu1_0 
    where
        tu1_0.email=? 
        and tu1_0.account_id=? 
        and not(tu1_0.deleted)
2026-02-22T23:14:40.223-03:00  INFO 14904 --- [multitenancy001] [nio-8080-exec-7] m.i.p.m.h.TenantSchemaConnectionProvider : 🎯 [MT] getConnection | thread=52 | tenantSchemaParam=t_tenant_e2e_8d836f_a7910db3 | tenantSchemaThread=t_tenant_e2e_8d836f_a7910db3 | SQL=SET search_path TO "t_tenant_e2e_8d836f_a7910db3", "public"
Hibernate: 
    select
        p1_0.tenant_user_id,
        p1_0.permission 
    from
        tenant_user_permissions p1_0 
    where
        p1_0.tenant_user_id=?
2026-02-22T23:14:40.245-03:00  INFO 14904 --- [multitenancy001] [nio-8080-exec-7] b.c.m.shared.context.TenantContext       : 🔄 Tenant bindado para PUBLIC (null) | anterior=t_tenant_e2e_8d836f_a7910db3 | thread=52
2026-02-22T23:14:40.248-03:00  INFO 14904 --- [multitenancy001] [nio-8080-exec-7] b.c.m.shared.context.TenantContext       : 🔄 Tenant bindado | thread=52 | null -> t_tenant_e2e_8d836f_a7910db3
Hibernate: 
    select
        tu1_0.id,
        tu1_0.account_id,
        tu1_0.created_at,
        tu1_0.created_by,
        tu1_0.created_by_email,
        tu1_0.deleted_at,
        tu1_0.deleted_by,
        tu1_0.deleted_by_email,
        tu1_0.updated_at,
        tu1_0.updated_by,
        tu1_0.updated_by_email,
        tu1_0.avatar_url,
        tu1_0.deleted,
        tu1_0.email,
        tu1_0.last_login,
        tu1_0.locale,
        tu1_0.locked_until,
        tu1_0.must_change_password,
        tu1_0.name,
        tu1_0.origin,
        tu1_0.password,
        tu1_0.password_changed_at,
        tu1_0.password_reset_expires,
        tu1_0.password_reset_token,
        tu1_0.phone,
        tu1_0.role,
        tu1_0.suspended_by_account,
        tu1_0.suspended_by_admin,
        tu1_0.timezone 
    from
        tenant_users tu1_0 
    where
        tu1_0.email=? 
        and tu1_0.account_id=? 
        and not(tu1_0.deleted)
2026-02-22T23:14:40.262-03:00  INFO 14904 --- [multitenancy001] [nio-8080-exec-7] m.i.p.m.h.TenantSchemaConnectionProvider : 🎯 [MT] getConnection | thread=52 | tenantSchemaParam=t_tenant_e2e_8d836f_a7910db3 | tenantSchemaThread=t_tenant_e2e_8d836f_a7910db3 | SQL=SET search_path TO "t_tenant_e2e_8d836f_a7910db3", "public"
Hibernate: 
    select
        p1_0.tenant_user_id,
        p1_0.permission 
    from
        tenant_user_permissions p1_0 
    where
        p1_0.tenant_user_id=?
2026-02-22T23:14:40.267-03:00  INFO 14904 --- [multitenancy001] [nio-8080-exec-7] m.i.p.m.h.TenantSchemaConnectionProvider : 🎯 [MT] getConnection | thread=52 | tenantSchemaParam=t_tenant_e2e_8d836f_a7910db3 | tenantSchemaThread=t_tenant_e2e_8d836f_a7910db3 | SQL=SET search_path TO "t_tenant_e2e_8d836f_a7910db3", "public"
Hibernate: 
    update
        tenant_users tu1_0 
    set
        last_login=? 
    where
        tu1_0.id=? 
        and tu1_0.deleted=false
2026-02-22T23:14:40.275-03:00  INFO 14904 --- [multitenancy001] [nio-8080-exec-7] b.c.m.shared.context.TenantContext       : 🔄 Tenant bindado para PUBLIC (null) | anterior=t_tenant_e2e_8d836f_a7910db3 | thread=52
2026-02-22T23:14:40.279-03:00  INFO 14904 --- [multitenancy001] [nio-8080-exec-7] b.c.m.shared.context.TenantContext       : 🔄 Tenant bindado | thread=52 | null -> t_tenant_e2e_8d836f_a7910db3
2026-02-22T23:14:40.281-03:00  INFO 14904 --- [multitenancy001] [nio-8080-exec-7] b.c.m.shared.context.TenantContext       : 🔄 Tenant bindado para PUBLIC (null) | anterior=t_tenant_e2e_8d836f_a7910db3 | thread=52
2026-02-22T23:14:40.288-03:00  INFO 14904 --- [multitenancy001] [nio-8080-exec-7] b.c.m.shared.context.TenantContext       : 🔄 Tenant bindado | thread=52 | null -> t_tenant_e2e_8d836f_a7910db3
2026-02-22T23:14:40.289-03:00  INFO 14904 --- [multitenancy001] [nio-8080-exec-7] b.c.m.shared.context.TenantContext       : 🔄 Tenant bindado para PUBLIC (null) | anterior=t_tenant_e2e_8d836f_a7910db3 | thread=52
2026-02-22T23:14:40.291-03:00  INFO 14904 --- [multitenancy001] [nio-8080-exec-7] b.c.m.shared.context.TenantContext       : 🔄 Tenant bindado | thread=52 | null -> t_tenant_e2e_8d836f_a7910db3
2026-02-22T23:14:40.293-03:00  INFO 14904 --- [multitenancy001] [nio-8080-exec-7] b.c.m.i.s.filter.RequestLoggingFilter    : 🌐 [REQ] POST /api/tenant/auth/refresh | tenant=t_tenant_e2e_8d836f_a7910db3 | status=200 | ip=0:0:0:0:0:0:0:1 | requestId=b35302ae-d05e-4b5a-8dff-1df558296d8f | thread=52
2026-02-22T23:14:40.294-03:00  INFO 14904 --- [multitenancy001] [nio-8080-exec-7] b.c.m.shared.context.TenantContext       : 🔄 Tenant bindado para PUBLIC (null) | anterior=t_tenant_e2e_8d836f_a7910db3 | thread=52
2026-02-22T23:14:40.414-03:00  INFO 14904 --- [multitenancy001] [nio-8080-exec-8] b.c.m.shared.context.TenantContext       : 🔄 Tenant bindado | thread=53 | null -> t_tenant_e2e_8d836f_a7910db3
Hibernate: 
    select
        tu1_0.id,
        tu1_0.account_id,
        tu1_0.created_at,
        tu1_0.created_by,
        tu1_0.created_by_email,
        tu1_0.deleted_at,
        tu1_0.deleted_by,
        tu1_0.deleted_by_email,
        tu1_0.updated_at,
        tu1_0.updated_by,
        tu1_0.updated_by_email,
        tu1_0.avatar_url,
        tu1_0.deleted,
        tu1_0.email,
        tu1_0.last_login,
        tu1_0.locale,
        tu1_0.locked_until,
        tu1_0.must_change_password,
        tu1_0.name,
        tu1_0.origin,
        tu1_0.password,
        tu1_0.password_changed_at,
        tu1_0.password_reset_expires,
        tu1_0.password_reset_token,
        tu1_0.phone,
        tu1_0.role,
        tu1_0.suspended_by_account,
        tu1_0.suspended_by_admin,
        tu1_0.timezone 
    from
        tenant_users tu1_0 
    where
        tu1_0.email=? 
        and tu1_0.account_id=? 
        and not(tu1_0.deleted)
2026-02-22T23:14:40.417-03:00  INFO 14904 --- [multitenancy001] [nio-8080-exec-8] m.i.p.m.h.TenantSchemaConnectionProvider : 🎯 [MT] getConnection | thread=53 | tenantSchemaParam=t_tenant_e2e_8d836f_a7910db3 | tenantSchemaThread=t_tenant_e2e_8d836f_a7910db3 | SQL=SET search_path TO "t_tenant_e2e_8d836f_a7910db3", "public"
Hibernate: 
    select
        p1_0.tenant_user_id,
        p1_0.permission 
    from
        tenant_user_permissions p1_0 
    where
        p1_0.tenant_user_id=?
2026-02-22T23:14:40.424-03:00  INFO 14904 --- [multitenancy001] [nio-8080-exec-8] m.i.p.m.h.TenantSchemaConnectionProvider : 🎯 [MT] getConnection | thread=53 | tenantSchemaParam=t_tenant_e2e_8d836f_a7910db3 | tenantSchemaThread=t_tenant_e2e_8d836f_a7910db3 | SQL=SET search_path TO "t_tenant_e2e_8d836f_a7910db3", "public"
Hibernate: 
    select
        tu1_0.id,
        tu1_0.account_id,
        tu1_0.created_at,
        tu1_0.created_by,
        tu1_0.created_by_email,
        tu1_0.deleted_at,
        tu1_0.deleted_by,
        tu1_0.deleted_by_email,
        tu1_0.updated_at,
        tu1_0.updated_by,
        tu1_0.updated_by_email,
        tu1_0.avatar_url,
        tu1_0.deleted,
        tu1_0.email,
        tu1_0.last_login,
        tu1_0.locale,
        tu1_0.locked_until,
        tu1_0.must_change_password,
        tu1_0.name,
        tu1_0.origin,
        tu1_0.password,
        tu1_0.password_changed_at,
        tu1_0.password_reset_expires,
        tu1_0.password_reset_token,
        tu1_0.phone,
        tu1_0.role,
        tu1_0.suspended_by_account,
        tu1_0.suspended_by_admin,
        tu1_0.timezone 
    from
        tenant_users tu1_0 
    where
        tu1_0.id=? 
        and tu1_0.account_id=? 
        and not(tu1_0.deleted)
Hibernate: 
    select
        p1_0.tenant_user_id,
        p1_0.permission 
    from
        tenant_user_permissions p1_0 
    where
        p1_0.tenant_user_id=?
2026-02-22T23:14:40.431-03:00  INFO 14904 --- [multitenancy001] [nio-8080-exec-8] b.c.m.i.s.filter.RequestLoggingFilter    : 🌐 [REQ] GET /api/tenant/me | tenant=t_tenant_e2e_8d836f_a7910db3 | status=200 | ip=0:0:0:0:0:0:0:1 | requestId=beac024f-8e98-483f-8777-4219e33b80f9 | thread=53
2026-02-22T23:14:40.431-03:00  INFO 14904 --- [multitenancy001] [nio-8080-exec-8] b.c.m.shared.context.TenantContext       : 🔄 Tenant bindado para PUBLIC (null) | anterior=t_tenant_e2e_8d836f_a7910db3 | thread=53
2026-02-22T23:14:40.524-03:00  INFO 14904 --- [multitenancy001] [nio-8080-exec-9] b.c.m.shared.context.TenantContext       : 🔄 Tenant bindado | thread=54 | null -> t_tenant_e2e_8d836f_a7910db3
Hibernate: 
    select
        tu1_0.id,
        tu1_0.account_id,
        tu1_0.created_at,
        tu1_0.created_by,
        tu1_0.created_by_email,
        tu1_0.deleted_at,
        tu1_0.deleted_by,
        tu1_0.deleted_by_email,
        tu1_0.updated_at,
        tu1_0.updated_by,
        tu1_0.updated_by_email,
        tu1_0.avatar_url,
        tu1_0.deleted,
        tu1_0.email,
        tu1_0.last_login,
        tu1_0.locale,
        tu1_0.locked_until,
        tu1_0.must_change_password,
        tu1_0.name,
        tu1_0.origin,
        tu1_0.password,
        tu1_0.password_changed_at,
        tu1_0.password_reset_expires,
        tu1_0.password_reset_token,
        tu1_0.phone,
        tu1_0.role,
        tu1_0.suspended_by_account,
        tu1_0.suspended_by_admin,
        tu1_0.timezone 
    from
        tenant_users tu1_0 
    where
        tu1_0.email=? 
        and tu1_0.account_id=? 
        and not(tu1_0.deleted)
2026-02-22T23:14:40.527-03:00  INFO 14904 --- [multitenancy001] [nio-8080-exec-9] m.i.p.m.h.TenantSchemaConnectionProvider : 🎯 [MT] getConnection | thread=54 | tenantSchemaParam=t_tenant_e2e_8d836f_a7910db3 | tenantSchemaThread=t_tenant_e2e_8d836f_a7910db3 | SQL=SET search_path TO "t_tenant_e2e_8d836f_a7910db3", "public"
Hibernate: 
    select
        p1_0.tenant_user_id,
        p1_0.permission 
    from
        tenant_user_permissions p1_0 
    where
        p1_0.tenant_user_id=?
2026-02-22T23:14:40.533-03:00  INFO 14904 --- [multitenancy001] [nio-8080-exec-9] b.c.m.shared.context.TenantContext       : 🔄 Tenant bindado para PUBLIC (null) | anterior=t_tenant_e2e_8d836f_a7910db3 | thread=54
2026-02-22T23:14:40.536-03:00  INFO 14904 --- [multitenancy001] [nio-8080-exec-9] b.c.m.shared.context.TenantContext       : 🔄 Tenant bindado | thread=54 | null -> t_tenant_e2e_8d836f_a7910db3
Hibernate: 
    select
        tu1_0.id,
        tu1_0.account_id,
        tu1_0.created_at,
        tu1_0.created_by,
        tu1_0.created_by_email,
        tu1_0.deleted_at,
        tu1_0.deleted_by,
        tu1_0.deleted_by_email,
        tu1_0.updated_at,
        tu1_0.updated_by,
        tu1_0.updated_by_email,
        tu1_0.avatar_url,
        tu1_0.deleted,
        tu1_0.email,
        tu1_0.last_login,
        tu1_0.locale,
        tu1_0.locked_until,
        tu1_0.must_change_password,
        tu1_0.name,
        tu1_0.origin,
        tu1_0.password,
        tu1_0.password_changed_at,
        tu1_0.password_reset_expires,
        tu1_0.password_reset_token,
        tu1_0.phone,
        tu1_0.role,
        tu1_0.suspended_by_account,
        tu1_0.suspended_by_admin,
        tu1_0.timezone 
    from
        tenant_users tu1_0 
    where
        tu1_0.email=? 
        and tu1_0.account_id=? 
        and not(tu1_0.deleted)
2026-02-22T23:14:40.566-03:00  INFO 14904 --- [multitenancy001] [nio-8080-exec-9] m.i.p.m.h.TenantSchemaConnectionProvider : 🎯 [MT] getConnection | thread=54 | tenantSchemaParam=t_tenant_e2e_8d836f_a7910db3 | tenantSchemaThread=t_tenant_e2e_8d836f_a7910db3 | SQL=SET search_path TO "t_tenant_e2e_8d836f_a7910db3", "public"
Hibernate: 
    select
        p1_0.tenant_user_id,
        p1_0.permission 
    from
        tenant_user_permissions p1_0 
    where
        p1_0.tenant_user_id=?
2026-02-22T23:14:40.571-03:00  INFO 14904 --- [multitenancy001] [nio-8080-exec-9] m.i.p.m.h.TenantSchemaConnectionProvider : 🎯 [MT] getConnection | thread=54 | tenantSchemaParam=t_tenant_e2e_8d836f_a7910db3 | tenantSchemaThread=t_tenant_e2e_8d836f_a7910db3 | SQL=SET search_path TO "t_tenant_e2e_8d836f_a7910db3", "public"
Hibernate: 
    update
        tenant_users tu1_0 
    set
        last_login=? 
    where
        tu1_0.id=? 
        and tu1_0.deleted=false
2026-02-22T23:14:40.577-03:00  INFO 14904 --- [multitenancy001] [nio-8080-exec-9] b.c.m.shared.context.TenantContext       : 🔄 Tenant bindado para PUBLIC (null) | anterior=t_tenant_e2e_8d836f_a7910db3 | thread=54
2026-02-22T23:14:40.580-03:00  INFO 14904 --- [multitenancy001] [nio-8080-exec-9] b.c.m.shared.context.TenantContext       : 🔄 Tenant bindado | thread=54 | null -> t_tenant_e2e_8d836f_a7910db3
2026-02-22T23:14:40.585-03:00  INFO 14904 --- [multitenancy001] [nio-8080-exec-9] b.c.m.i.m.o.TenantContextMonitor         : 🔐 AUTH AuthRefreshSessionService.rotateOrThrow(..) | tenant(bound=t_tenant_e2e_8d836f_a7910db3, effective=t_tenant_e2e_8d836f_a7910db3) | status=401 code=INVALID_REFRESH msg=refreshToken revogado/expirado
2026-02-22T23:14:40.585-03:00  INFO 14904 --- [multitenancy001] [nio-8080-exec-9] b.c.m.i.m.o.TenantContextMonitor         : 🔐 AUTH TenantTokenRefreshService.refresh(..) | tenant(bound=t_tenant_e2e_8d836f_a7910db3, effective=t_tenant_e2e_8d836f_a7910db3) | status=401 code=INVALID_REFRESH msg=refreshToken revogado/expirado
2026-02-22T23:14:40.597-03:00  WARN 14904 --- [multitenancy001] [nio-8080-exec-9] .m.m.a.ExceptionHandlerExceptionResolver : Resolved [brito.com.multitenancy001.shared.kernel.error.ApiException: refreshToken revogado/expirado]
2026-02-22T23:14:40.598-03:00  INFO 14904 --- [multitenancy001] [nio-8080-exec-9] b.c.m.i.s.filter.RequestLoggingFilter    : 🌐 [REQ] POST /api/tenant/auth/refresh | tenant=t_tenant_e2e_8d836f_a7910db3 | status=401 | ip=0:0:0:0:0:0:0:1 | requestId=514e0721-d072-4259-92a3-6021aa128cb7 | thread=54
2026-02-22T23:14:40.598-03:00  INFO 14904 --- [multitenancy001] [nio-8080-exec-9] b.c.m.shared.context.TenantContext       : 🔄 Tenant bindado para PUBLIC (null) | anterior=t_tenant_e2e_8d836f_a7910db3 | thread=54
2026-02-22T23:14:40.713-03:00  INFO 14904 --- [multitenancy001] [io-8080-exec-10] b.c.m.shared.context.TenantContext       : 🔄 Tenant bindado | thread=55 | null -> t_tenant_e2e_8d836f_a7910db3
Hibernate: 
    select
        tu1_0.id,
        tu1_0.account_id,
        tu1_0.created_at,
        tu1_0.created_by,
        tu1_0.created_by_email,
        tu1_0.deleted_at,
        tu1_0.deleted_by,
        tu1_0.deleted_by_email,
        tu1_0.updated_at,
        tu1_0.updated_by,
        tu1_0.updated_by_email,
        tu1_0.avatar_url,
        tu1_0.deleted,
        tu1_0.email,
        tu1_0.last_login,
        tu1_0.locale,
        tu1_0.locked_until,
        tu1_0.must_change_password,
        tu1_0.name,
        tu1_0.origin,
        tu1_0.password,
        tu1_0.password_changed_at,
        tu1_0.password_reset_expires,
        tu1_0.password_reset_token,
        tu1_0.phone,
        tu1_0.role,
        tu1_0.suspended_by_account,
        tu1_0.suspended_by_admin,
        tu1_0.timezone 
    from
        tenant_users tu1_0 
    where
        tu1_0.email=? 
        and tu1_0.account_id=? 
        and not(tu1_0.deleted)
2026-02-22T23:14:40.717-03:00  INFO 14904 --- [multitenancy001] [io-8080-exec-10] m.i.p.m.h.TenantSchemaConnectionProvider : 🎯 [MT] getConnection | thread=55 | tenantSchemaParam=t_tenant_e2e_8d836f_a7910db3 | tenantSchemaThread=t_tenant_e2e_8d836f_a7910db3 | SQL=SET search_path TO "t_tenant_e2e_8d836f_a7910db3", "public"
Hibernate: 
    select
        p1_0.tenant_user_id,
        p1_0.permission 
    from
        tenant_user_permissions p1_0 
    where
        p1_0.tenant_user_id=?
2026-02-22T23:14:40.731-03:00  INFO 14904 --- [multitenancy001] [io-8080-exec-10] b.c.m.shared.context.TenantContext       : 🔄 Tenant bindado para PUBLIC (null) | anterior=t_tenant_e2e_8d836f_a7910db3 | thread=55
2026-02-22T23:14:40.734-03:00  INFO 14904 --- [multitenancy001] [io-8080-exec-10] b.c.m.shared.context.TenantContext       : 🔄 Tenant bindado | thread=55 | null -> t_tenant_e2e_8d836f_a7910db3
2026-02-22T23:14:40.736-03:00  INFO 14904 --- [multitenancy001] [io-8080-exec-10] b.c.m.shared.context.TenantContext       : 🔄 Tenant bindado para PUBLIC (null) | anterior=t_tenant_e2e_8d836f_a7910db3 | thread=55
2026-02-22T23:14:40.739-03:00  INFO 14904 --- [multitenancy001] [io-8080-exec-10] b.c.m.shared.context.TenantContext       : 🔄 Tenant bindado | thread=55 | null -> t_tenant_e2e_8d836f_a7910db3
2026-02-22T23:14:40.740-03:00  INFO 14904 --- [multitenancy001] [io-8080-exec-10] b.c.m.shared.context.TenantContext       : 🔄 Tenant bindado para PUBLIC (null) | anterior=t_tenant_e2e_8d836f_a7910db3 | thread=55
2026-02-22T23:14:40.745-03:00  INFO 14904 --- [multitenancy001] [io-8080-exec-10] b.c.m.shared.context.TenantContext       : 🔄 Tenant bindado | thread=55 | null -> t_tenant_e2e_8d836f_a7910db3
2026-02-22T23:14:40.745-03:00  INFO 14904 --- [multitenancy001] [io-8080-exec-10] b.c.m.shared.context.TenantContext       : 🔄 Tenant bindado para PUBLIC (null) | anterior=t_tenant_e2e_8d836f_a7910db3 | thread=55
2026-02-22T23:14:40.748-03:00  INFO 14904 --- [multitenancy001] [io-8080-exec-10] b.c.m.shared.context.TenantContext       : 🔄 Tenant bindado | thread=55 | null -> t_tenant_e2e_8d836f_a7910db3
2026-02-22T23:14:40.750-03:00  INFO 14904 --- [multitenancy001] [io-8080-exec-10] b.c.m.i.s.filter.RequestLoggingFilter    : 🌐 [REQ] POST /api/tenant/auth/logout | tenant=t_tenant_e2e_8d836f_a7910db3 | status=204 | ip=0:0:0:0:0:0:0:1 | requestId=fe517ef2-b832-419c-9329-5312ef328d3e | thread=55
2026-02-22T23:14:40.750-03:00  INFO 14904 --- [multitenancy001] [io-8080-exec-10] b.c.m.shared.context.TenantContext       : 🔄 Tenant bindado para PUBLIC (null) | anterior=t_tenant_e2e_8d836f_a7910db3 | thread=55
2026-02-22T23:14:40.868-03:00  INFO 14904 --- [multitenancy001] [nio-8080-exec-1] b.c.m.shared.context.TenantContext       : 🔄 Tenant bindado | thread=46 | null -> t_tenant_e2e_8d836f_a7910db3
Hibernate: 
    select
        tu1_0.id,
        tu1_0.account_id,
        tu1_0.created_at,
        tu1_0.created_by,
        tu1_0.created_by_email,
        tu1_0.deleted_at,
        tu1_0.deleted_by,
        tu1_0.deleted_by_email,
        tu1_0.updated_at,
        tu1_0.updated_by,
        tu1_0.updated_by_email,
        tu1_0.avatar_url,
        tu1_0.deleted,
        tu1_0.email,
        tu1_0.last_login,
        tu1_0.locale,
        tu1_0.locked_until,
        tu1_0.must_change_password,
        tu1_0.name,
        tu1_0.origin,
        tu1_0.password,
        tu1_0.password_changed_at,
        tu1_0.password_reset_expires,
        tu1_0.password_reset_token,
        tu1_0.phone,
        tu1_0.role,
        tu1_0.suspended_by_account,
        tu1_0.suspended_by_admin,
        tu1_0.timezone 
    from
        tenant_users tu1_0 
    where
        tu1_0.email=? 
        and tu1_0.account_id=? 
        and not(tu1_0.deleted)
2026-02-22T23:14:40.870-03:00  INFO 14904 --- [multitenancy001] [nio-8080-exec-1] m.i.p.m.h.TenantSchemaConnectionProvider : 🎯 [MT] getConnection | thread=46 | tenantSchemaParam=t_tenant_e2e_8d836f_a7910db3 | tenantSchemaThread=t_tenant_e2e_8d836f_a7910db3 | SQL=SET search_path TO "t_tenant_e2e_8d836f_a7910db3", "public"
Hibernate: 
    select
        p1_0.tenant_user_id,
        p1_0.permission 
    from
        tenant_user_permissions p1_0 
    where
        p1_0.tenant_user_id=?
2026-02-22T23:14:40.875-03:00  INFO 14904 --- [multitenancy001] [nio-8080-exec-1] b.c.m.shared.context.TenantContext       : 🔄 Tenant bindado para PUBLIC (null) | anterior=t_tenant_e2e_8d836f_a7910db3 | thread=46
2026-02-22T23:14:40.878-03:00  INFO 14904 --- [multitenancy001] [nio-8080-exec-1] b.c.m.shared.context.TenantContext       : 🔄 Tenant bindado | thread=46 | null -> t_tenant_e2e_8d836f_a7910db3
Hibernate: 
    select
        tu1_0.id,
        tu1_0.account_id,
        tu1_0.created_at,
        tu1_0.created_by,
        tu1_0.created_by_email,
        tu1_0.deleted_at,
        tu1_0.deleted_by,
        tu1_0.deleted_by_email,
        tu1_0.updated_at,
        tu1_0.updated_by,
        tu1_0.updated_by_email,
        tu1_0.avatar_url,
        tu1_0.deleted,
        tu1_0.email,
        tu1_0.last_login,
        tu1_0.locale,
        tu1_0.locked_until,
        tu1_0.must_change_password,
        tu1_0.name,
        tu1_0.origin,
        tu1_0.password,
        tu1_0.password_changed_at,
        tu1_0.password_reset_expires,
        tu1_0.password_reset_token,
        tu1_0.phone,
        tu1_0.role,
        tu1_0.suspended_by_account,
        tu1_0.suspended_by_admin,
        tu1_0.timezone 
    from
        tenant_users tu1_0 
    where
        tu1_0.email=? 
        and tu1_0.account_id=? 
        and not(tu1_0.deleted)
2026-02-22T23:14:40.886-03:00  INFO 14904 --- [multitenancy001] [nio-8080-exec-1] m.i.p.m.h.TenantSchemaConnectionProvider : 🎯 [MT] getConnection | thread=46 | tenantSchemaParam=t_tenant_e2e_8d836f_a7910db3 | tenantSchemaThread=t_tenant_e2e_8d836f_a7910db3 | SQL=SET search_path TO "t_tenant_e2e_8d836f_a7910db3", "public"
Hibernate: 
    select
        p1_0.tenant_user_id,
        p1_0.permission 
    from
        tenant_user_permissions p1_0 
    where
        p1_0.tenant_user_id=?
2026-02-22T23:14:40.890-03:00  INFO 14904 --- [multitenancy001] [nio-8080-exec-1] m.i.p.m.h.TenantSchemaConnectionProvider : 🎯 [MT] getConnection | thread=46 | tenantSchemaParam=t_tenant_e2e_8d836f_a7910db3 | tenantSchemaThread=t_tenant_e2e_8d836f_a7910db3 | SQL=SET search_path TO "t_tenant_e2e_8d836f_a7910db3", "public"
Hibernate: 
    update
        tenant_users tu1_0 
    set
        last_login=? 
    where
        tu1_0.id=? 
        and tu1_0.deleted=false
2026-02-22T23:14:40.895-03:00  INFO 14904 --- [multitenancy001] [nio-8080-exec-1] b.c.m.shared.context.TenantContext       : 🔄 Tenant bindado para PUBLIC (null) | anterior=t_tenant_e2e_8d836f_a7910db3 | thread=46
2026-02-22T23:14:40.898-03:00  INFO 14904 --- [multitenancy001] [nio-8080-exec-1] b.c.m.shared.context.TenantContext       : 🔄 Tenant bindado | thread=46 | null -> t_tenant_e2e_8d836f_a7910db3
2026-02-22T23:14:40.899-03:00  INFO 14904 --- [multitenancy001] [nio-8080-exec-1] b.c.m.i.m.o.TenantContextMonitor         : 🔐 AUTH AuthRefreshSessionService.rotateOrThrow(..) | tenant(bound=t_tenant_e2e_8d836f_a7910db3, effective=t_tenant_e2e_8d836f_a7910db3) | status=401 code=INVALID_REFRESH msg=refreshToken revogado
2026-02-22T23:14:40.899-03:00  INFO 14904 --- [multitenancy001] [nio-8080-exec-1] b.c.m.i.m.o.TenantContextMonitor         : 🔐 AUTH TenantTokenRefreshService.refresh(..) | tenant(bound=t_tenant_e2e_8d836f_a7910db3, effective=t_tenant_e2e_8d836f_a7910db3) | status=401 code=INVALID_REFRESH msg=refreshToken revogado
2026-02-22T23:14:40.901-03:00  WARN 14904 --- [multitenancy001] [nio-8080-exec-1] .m.m.a.ExceptionHandlerExceptionResolver : Resolved [brito.com.multitenancy001.shared.kernel.error.ApiException: refreshToken revogado]
2026-02-22T23:14:40.901-03:00  INFO 14904 --- [multitenancy001] [nio-8080-exec-1] b.c.m.i.s.filter.RequestLoggingFilter    : 🌐 [REQ] POST /api/tenant/auth/refresh | tenant=t_tenant_e2e_8d836f_a7910db3 | status=401 | ip=0:0:0:0:0:0:0:1 | requestId=0dce81d4-ebf0-4fb2-ba5d-d8dcb3d6125b | thread=46
2026-02-22T23:14:40.901-03:00  INFO 14904 --- [multitenancy001] [nio-8080-exec-1] b.c.m.shared.context.TenantContext       : 🔄 Tenant bindado para PUBLIC (null) | anterior=t_tenant_e2e_8d836f_a7910db3 | thread=46
2026-02-22T23:14:40.997-03:00 DEBUG 14904 --- [multitenancy001] [nio-8080-exec-2] o.s.jdbc.core.JdbcTemplate               : Executing prepared SQL query
2026-02-22T23:14:40.997-03:00 DEBUG 14904 --- [multitenancy001] [nio-8080-exec-2] o.s.jdbc.core.JdbcTemplate               : Executing prepared SQL statement [    select li.subject_id
      from public.login_identities li
     where li.email = ?
       and li.subject_type = 'CONTROLPLANE_USER'
     limit 1
]
2026-02-22T23:14:40.997-03:00 TRACE 14904 --- [multitenancy001] [nio-8080-exec-2] o.s.jdbc.core.StatementCreatorUtils      : Setting SQL statement parameter value: column index 1, parameter value [superadmin@platform.local], value class [java.lang.String], SQL type unknown
2026-02-22T23:14:41.232-03:00  INFO 14904 --- [multitenancy001] [nio-8080-exec-2] b.c.m.i.s.filter.RequestLoggingFilter    : 🌐 [REQ] POST /api/controlplane/auth/login | tenant=PUBLIC | status=200 | ip=0:0:0:0:0:0:0:1 | requestId=0c72e8a5-f6da-461b-a788-e2ed3af3371f | thread=47
2026-02-22T23:14:41.330-03:00  INFO 14904 --- [multitenancy001] [nio-8080-exec-3] b.c.m.i.s.filter.RequestLoggingFilter    : 🌐 [REQ] GET /api/controlplane/me | tenant=PUBLIC | status=200 | ip=0:0:0:0:0:0:0:1 | requestId=accee828-20e2-4b8e-8643-7a59cbad0a45 | thread=48
2026-02-22T23:14:41.479-03:00  INFO 14904 --- [multitenancy001] [nio-8080-exec-4] b.c.m.i.s.filter.RequestLoggingFilter    : 🌐 [REQ] POST /api/controlplane/auth/refresh | tenant=PUBLIC | status=200 | ip=0:0:0:0:0:0:0:1 | requestId=40bd2a1d-8232-4afd-9acf-ccd317090974 | thread=49
2026-02-22T23:14:41.587-03:00  INFO 14904 --- [multitenancy001] [nio-8080-exec-5] b.c.m.i.s.filter.RequestLoggingFilter    : 🌐 [REQ] GET /api/controlplane/me | tenant=PUBLIC | status=200 | ip=0:0:0:0:0:0:0:1 | requestId=3422f402-620e-44b8-be97-30578112432a | thread=50
2026-02-22T23:14:41.686-03:00  INFO 14904 --- [multitenancy001] [nio-8080-exec-6] b.c.m.i.m.o.TenantContextMonitor         : 🔐 AUTH AuthRefreshSessionService.rotateOrThrow(..) | tenant(bound=null, effective=public) | status=401 code=INVALID_REFRESH msg=refreshToken revogado/expirado
2026-02-22T23:14:41.686-03:00  INFO 14904 --- [multitenancy001] [nio-8080-exec-6] b.c.m.i.m.o.TenantContextMonitor         : 🔐 AUTH ControlPlaneTokenRefreshService.refresh(..) | tenant(bound=null, effective=public) | status=401 code=INVALID_REFRESH msg=refreshToken revogado/expirado
2026-02-22T23:14:41.687-03:00  WARN 14904 --- [multitenancy001] [nio-8080-exec-6] .m.m.a.ExceptionHandlerExceptionResolver : Resolved [brito.com.multitenancy001.shared.kernel.error.ApiException: refreshToken revogado/expirado]
2026-02-22T23:14:41.688-03:00  INFO 14904 --- [multitenancy001] [nio-8080-exec-6] b.c.m.i.s.filter.RequestLoggingFilter    : 🌐 [REQ] POST /api/controlplane/auth/refresh | tenant=PUBLIC | status=401 | ip=0:0:0:0:0:0:0:1 | requestId=c221d5af-fcef-4a4c-9dbb-1283d56b95a8 | thread=51
2026-02-22T23:14:41.773-03:00 DEBUG 14904 --- [multitenancy001] [nio-8080-exec-7] o.s.jdbc.core.JdbcTemplate               : Executing prepared SQL query
2026-02-22T23:14:41.773-03:00 DEBUG 14904 --- [multitenancy001] [nio-8080-exec-7] o.s.jdbc.core.JdbcTemplate               : Executing prepared SQL statement [    select li.subject_id
      from public.login_identities li
     where li.email = ?
       and li.subject_type = 'CONTROLPLANE_USER'
     limit 1
]
2026-02-22T23:14:41.773-03:00 TRACE 14904 --- [multitenancy001] [nio-8080-exec-7] o.s.jdbc.core.StatementCreatorUtils      : Setting SQL statement parameter value: column index 1, parameter value [superadmin@platform.local], value class [java.lang.String], SQL type unknown
2026-02-22T23:14:41.785-03:00  INFO 14904 --- [multitenancy001] [nio-8080-exec-7] b.c.m.i.s.filter.RequestLoggingFilter    : 🌐 [REQ] POST /api/controlplane/auth/logout | tenant=PUBLIC | status=204 | ip=0:0:0:0:0:0:0:1 | requestId=c66696ce-f3cb-443f-98ac-e7818550fc09 | thread=52
2026-02-22T23:14:41.888-03:00  INFO 14904 --- [multitenancy001] [nio-8080-exec-8] b.c.m.i.m.o.TenantContextMonitor         : 🔐 AUTH AuthRefreshSessionService.rotateOrThrow(..) | tenant(bound=null, effective=public) | status=401 code=INVALID_REFRESH msg=refreshToken revogado
2026-02-22T23:14:41.889-03:00  INFO 14904 --- [multitenancy001] [nio-8080-exec-8] b.c.m.i.m.o.TenantContextMonitor         : 🔐 AUTH ControlPlaneTokenRefreshService.refresh(..) | tenant(bound=null, effective=public) | status=401 code=INVALID_REFRESH msg=refreshToken revogado
2026-02-22T23:14:41.890-03:00  WARN 14904 --- [multitenancy001] [nio-8080-exec-8] .m.m.a.ExceptionHandlerExceptionResolver : Resolved [brito.com.multitenancy001.shared.kernel.error.ApiException: refreshToken revogado]
2026-02-22T23:14:41.891-03:00  INFO 14904 --- [multitenancy001] [nio-8080-exec-8] b.c.m.i.s.filter.RequestLoggingFilter    : 🌐 [REQ] POST /api/controlplane/auth/refresh | tenant=PUBLIC | status=401 | ip=0:0:0:0:0:0:0:1 | requestId=2edba3fb-e542-435e-9c5c-6654a3ca527d | thread=53
[INFO] ------------------------------------------------------------------------
[INFO] BUILD FAILURE
[INFO] ------------------------------------------------------------------------
[INFO] Total time:  25.501 s
[INFO] Finished at: 2026-02-22T23:14:42-03:00
[INFO] ------------------------------------------------------------------------
[ERROR] Failed to execute goal org.springframework.boot:spring-boot-maven-plugin:3.5.9:run (default-cli) on project multitenancy001: Process terminated with exit code: 143 -> [Help 1]
[ERROR] 
[ERROR] To see the full stack trace of the errors, re-run Maven with the -e switch.
[ERROR] Re-run Maven using the -X switch to enable full debug logging.
[ERROR] 
[ERROR] For more information about the errors and possible solutions, please read the following articles:
[ERROR] [Help 1] http://cwiki.apache.org/confluence/display/MAVEN/MojoExecutionException
